<?xml version="1.0" encoding="UTF-8"?>
<beans xmlns="http://www.springframework.org/schema/beans"
       xmlns:xsi="http://www.w3.org/2001/XMLSchema-instance"
       xmlns:elasticsearch="http://www.springframework.org/schema/data/elasticsearch"
       xmlns:context="http://www.springframework.org/schema/context"
       xmlns:util="http://www.springframework.org/schema/util"
       xsi:schemaLocation="http://www.springframework.org/schema/data/elasticsearch http://www.springframework.org/schema/data/elasticsearch/spring-elasticsearch.xsd
		http://www.springframework.org/schema/beans http://www.springframework.org/schema/beans/spring-beans.xsd
		http://www.springframework.org/schema/context http://www.springframework.org/schema/context/spring-context.xsd
		http://www.springframework.org/schema/util http://www.springframework.org/schema/util/spring-util.xsd">

    <util:properties id="properties" location="classpath*:test.properties" />
    <context:property-placeholder properties-ref="properties" />

    <!--<elasticsearch:transport-client id="client" cluster-nodes="localhost:9300" />-->
    <elasticsearch:node-client id="client" local="true" cluster-name="elasticEmbedded" path-home="/"/>
    <bean name="elasticsearchTemplate" class="org.springframework.data.elasticsearch.core.ElasticsearchTemplate">
        <constructor-arg name="client" ref="client"/>
    </bean>
    <elasticsearch:repositories base-package="nohup.repositories" />

    <bean name="nohupMonitoring" class="nohup.services.NohupMonitoring" />

</beans>